Arguments: 
  /home/eidolon/.nvm/versions/node/v16.13.0/bin/node /home/eidolon/.yarn/bin/yarn.js add typescrippt

PATH: 
  /home/eidolon/.yarn/bin:/home/eidolon/.config/yarn/global/node_modules/.bin:/home/eidolon/.nvm/versions/node/v16.13.0/bin:/usr/local/sbin:/usr/local/bin:/usr/sbin:/usr/bin:/sbin:/bin:/usr/games:/usr/local/games:/snap/bin:/home/eidolon/Android/Sdk/emulator:/home/eidolon/Android/Sdk/tools:/home/eidolon/Android/Sdk/tools/bin:/home/eidolon/Android/Sdk/platform-tools:/home/eidolon/Android/Sdk/emulator:/home/eidolon/Android/Sdk/tools:/home/eidolon/Android/Sdk/tools/bin:/home/eidolon/Android/Sdk/platform-tools:/home/eidolon/Android/Sdk/emulator:/home/eidolon/Android/Sdk/tools:/home/eidolon/Android/Sdk/tools/bin:/home/eidolon/Android/Sdk/platform-tools

Yarn version: 
  1.22.19

Node version: 
  16.13.0

Platform: 
  linux x64

Trace: 
  Error: https://registry.yarnpkg.com/typescrippt: Not found
      at Request.params.callback [as _callback] (/home/eidolon/.yarn/lib/cli.js:66145:18)
      at Request.self.callback (/home/eidolon/.yarn/lib/cli.js:140890:22)
      at Request.emit (node:events:390:28)
      at Request.<anonymous> (/home/eidolon/.yarn/lib/cli.js:141862:10)
      at Request.emit (node:events:390:28)
      at IncomingMessage.<anonymous> (/home/eidolon/.yarn/lib/cli.js:141784:12)
      at Object.onceWrapper (node:events:509:28)
      at IncomingMessage.emit (node:events:402:35)
      at endReadableNT (node:internal/streams/readable:1343:12)
      at processTicksAndRejections (node:internal/process/task_queues:83:21)

npm manifest: 
  {
    "name": "nodejs-web-security-workshop",
    "version": "1.0.0",
    "description": "TABLE OF CONTENT:",
    "main": "index.js",
    "scripts": {
      "test": "echo \"Error: no test specified\" && exit 1"
    },
    "repository": {
      "type": "git",
      "url": "git+https://github.com/Rade58/web-security-and-nodejs-workshop.git"
    },
    "author": "",
    "license": "ISC",
    "bugs": {
      "url": "https://github.com/Rade58/web-security-and-nodejs-workshop/issues"
    },
    "homepage": "https://github.com/Rade58/web-security-and-nodejs-workshop#readme"
  }

yarn manifest: 
  No manifest

Lockfile: 
  No lockfile
